Step: build-step-credential-initializer:

{"level":"warn","ts":1549025127.8875837,"logger":"fallback-logger","caller":"logging/config.go:65","msg":"Fetch GitHub commit ID from kodata failed: \"ref: refs/heads/test\" is not a valid GitHub commit ID"}
{"level":"info","ts":1549025127.888733,"logger":"fallback-logger","caller":"creds-init/main.go:40","msg":"Credentials initialized."}
Step: build-step-git-source-0:

{"level":"warn","ts":1549025129.419043,"logger":"fallback-logger","caller":"logging/config.go:65","msg":"Fetch GitHub commit ID from kodata failed: \"ref: refs/heads/test\" is not a valid GitHub commit ID"}
{"level":"info","ts":1549025129.835077,"logger":"fallback-logger","caller":"git-init/main.go:92","msg":"Successfully cloned \"https://github.com/carlossg/croc-hunter-jenkinsx-serverless.git\" @ \"4bd5154655d517994b7071d385a3e0c25a484fcb\" in path \"/workspace\""}
Step: build-step-jenkins:

Picked up _JAVA_OPTIONS: -Xmx400m
Started
Running in Durability level: PERFORMANCE_OPTIMIZED
  25.163 [id=37]	WARNING	i.f.k.c.i.VersionUsageUtils#alert: The client is using resource type 'customresourcedefinitions' with unstable version 'v1beta1'
[Pipeline] node
Running on Jenkins in /tmp/jenkinsTests.tmp/jenkins3054381384916810181test/workspace/job
[Pipeline] {
[Pipeline] stage
[Pipeline] { (Declarative: Checkout SCM)
[Pipeline] checkout
[Pipeline] }
[Pipeline] // stage
[Pipeline] withCredentials
[Pipeline] {
[Pipeline] withEnv
[Pipeline] {
[Pipeline] stage
[Pipeline] { (CI Build and push snapshot)
[Pipeline] withEnv
[Pipeline] {
[Pipeline] dir
Running in /home/jenkins/go/src/github.com/carlossg/croc-hunter-jenkinsx-serverless
[Pipeline] {
[Pipeline] checkout
[Pipeline] sh
+ make VERSION=0.0.0-SNAPSHOT-PR-38-1 GIT_COMMIT=4bd5154655d517994b7071d385a3e0c25a484fcb linux
cp skaffold.yaml skaffold.yaml.new
sed -i -e "s/{{.VERSION}}/0.0.0-SNAPSHOT-PR-38-1/" skaffold.yaml.new
sed -i -e "s/{{.GIT_COMMIT}}/4bd5154655d517994b7071d385a3e0c25a484fcb/" skaffold.yaml.new
CGO_ENABLED=0 GOOS=linux GOARCH=amd64 GO15VENDOREXPERIMENT=1 go build -ldflags '' -o bin/croc-hunter-jenkinsx croc-hunter.go
[Pipeline] sh
+ export VERSION=0.0.0-SNAPSHOT-PR-38-1
+ skaffold build -f skaffold.yaml.new
time="2019-02-01T12:46:27Z" level=warning msg="config version (skaffold/v1beta1) out of date: upgrading to latest (skaffold/v1beta3)"
Starting build...
Building [changeme]...
Sending build context to Docker daemon  525.8kBSending build context to Docker daemon   6.99MB
Step 1/10 : FROM scratch
 ---> 
Step 2/10 : ARG GIT_SHA
 ---> Using cache
 ---> 6ee09bc4a304
Step 3/10 : ARG WORKFLOW_RELEASE
 ---> Using cache
 ---> 6902a8abb233
Step 4/10 : ENV GIT_SHA $GIT_SHA
 ---> Running in 4f9eb5b80c1c
 ---> a948e36c268e
Step 5/10 : ENV WORKFLOW_RELEASE $WORKFLOW_RELEASE
 ---> Running in 520661c11231
 ---> aa92c63e4abf
Step 6/10 : ENV POWERED_BY Jenkins-X
 ---> Running in fd4d270b4015
 ---> af481ce71cc5
Step 7/10 : EXPOSE 8080
 ---> Running in 8659a1ec0503
 ---> d51156fca0e1
Step 8/10 : ENTRYPOINT /croc-hunter-jenkinsx
 ---> Running in a2993f23600c
 ---> 13b0447abdda
Step 9/10 : COPY ./bin/ /
 ---> 246773c043e6
Step 10/10 : COPY static/ static/
 ---> c9916b7602df
Successfully built c9916b7602df
The push refers to a repository [10.63.246.66:5000/carlossg/croc-hunter-jenkinsx]
15bf4b03c4c3: Preparing
b519da560809: Preparing
15bf4b03c4c3: Pushed
b519da560809: Pushed
0.0.0-SNAPSHOT-PR-38-1: digest: sha256:9f1b591afd29a3d51c4bf035144ec7b2425f8c3a5676316c4285be525ec02001 size: 738
Build complete in 2.718191295s
Starting test...
Test complete in 5.108µs
changeme -> 10.63.246.66:5000/carlossg/croc-hunter-jenkinsx:0.0.0-SNAPSHOT-PR-38-1
[Pipeline] sh
+ jx step validate --min-jx-version 1.2.36
[Pipeline] sh
+ jx step post build --image 10.63.246.66:5000/carlossg/croc-hunter-jenkinsx:0.0.0-SNAPSHOT-PR-38-1
[Pipeline] }
[Pipeline] // dir
[Pipeline] dir
Running in /home/jenkins/go/src/github.com/carlossg/croc-hunter-jenkinsx-serverless/charts/preview
[Pipeline] {
[Pipeline] sh
+ make preview
sed -i -e "s/version:.*/version: 0.0.0-SNAPSHOT-PR-38-1/" Chart.yaml
sed -i -e "s/version:.*/version: 0.0.0-SNAPSHOT-PR-38-1/" ../*/Chart.yaml
sed -i -e "s|repository: .*|repository: 10.63.246.66:5000\/carlossg\/golang-http|" values.yaml
sed -i -e "s/tag: .*/tag: 0.0.0-SNAPSHOT-PR-38-1/" values.yaml
echo "  version: 0.0.0-SNAPSHOT-PR-38-1" >> requirements.yaml
jx step helm build
No $CHART_REPOSITORY defined so using the default value of: http://jenkins-x-chartmuseum:8080
Adding missing Helm repo: jenkins-x http://chartmuseum.jenkins-x.io
Successfully added Helm repository jenkins-x.
Adding missing Helm repo: releases http://jenkins-x-chartmuseum:8080
Successfully added Helm repository releases.
Adding missing Helm repo: repo5 https://chartmuseum.build.cd.jenkins-x.io
Successfully added Helm repository repo5.
[Pipeline] sh
+ jx preview --app croc-hunter-jenkinsx --dir ../..
Creating a preview
Commit author email is empty for: 4bd5154655d517994b7071d385a3e0c25a484fcb
Looking for commits in: /home/jenkins/go/src/github.com/carlossg/croc-hunter-jenkinsx-serverless/
Associating user carlos.apache.org in users.jenkins.io with email carlos@apache.org to git GitProvider user with login carlossg as emails match
Adding label jenkins.io/git-github-userid=carlossg to user carlos.apache.org in users.jenkins.io
Found commit author match for: carlossg with email address: carlos@apache.org
Created environment carlossg-croc-hunter-jenkinsx-serverless-pr-38
Namespace jx-carlossg-croc-hunter-jenkinsx-serverless-pr-38 created 
 expose:
  Annotations:
    helm.sh/hook: post-install,post-upgrade
    helm.sh/hook-delete-policy: hook-succeeded
  config:
    domain: us.g.csanchez.org
    exposer: Ingress
    http: "true"
preview:
  image:
    repository: 10.63.246.66:5000/carlossg/croc-hunter-jenkinsx
    tag: 0.0.0-SNAPSHOT-PR-38-1
Failed to update PipelineActivities carlossg-croc-hunter-jenkinsx-serverless-pr-38-1: the namespace of the object (jx-carlossg-croc-hunter-jenkinsx-serverless-pr-38) does not match the namespace on the request (jx)
Preview application is now available at: http://croc-hunter-jenkinsx.jx-carlossg-croc-hunter-jenkinsx-serverless-pr-38.us.g.csanchez.org

[Pipeline] }
[Pipeline] // dir
[Pipeline] }
[Pipeline] // withEnv
[Pipeline] }
[Pipeline] // stage
[Pipeline] stage
[Pipeline] { (Build Release)
Stage "Build Release" skipped due to when conditional
[Pipeline] }
[Pipeline] // stage
[Pipeline] stage
[Pipeline] { (Promote to Environments)
Stage "Promote to Environments" skipped due to when conditional
[Pipeline] }
[Pipeline] // stage
[Pipeline] }
[Pipeline] // withEnv
[Pipeline] }
[Pipeline] // withCredentials
[Pipeline] }
[Pipeline] // node
[Pipeline] End of Pipeline
Finished: SUCCESS
