Step: build-step-credential-initializer:

Step: build-step-git-source:

Step: build-step-jenkins:

Picked up _JAVA_OPTIONS: -Xmx400m
Started
Running in Durability level: PERFORMANCE_OPTIMIZED
  19.234 [id=28]	WARNING	i.f.k.c.i.VersionUsageUtils#alert: The client is using resource type 'customresourcedefinitions' with unstable version 'v1beta1'
[Pipeline] node
  32.590 [id=54]	WARNING	o.j.plugins.workflow.cps.DSL#invokeStep: Error storing the arguments for step: checkout
org.kohsuke.stapler.NoStaplerConstructorException: There's no @DataBoundConstructor on any constructor of class io.jenkins.jenkinsfile.runner.FileSystemSCM
	at org.kohsuke.stapler.ClassDescriptor.loadConstructorParamNames(ClassDescriptor.java:265)
	at org.jenkinsci.plugins.structs.describable.DescribableModel.<init>(DescribableModel.java:144)
	at org.jenkinsci.plugins.structs.describable.DescribableModel.of(DescribableModel.java:114)
	at org.jenkinsci.plugins.workflow.cps.actions.ArgumentsActionImpl.sanitizeObjectAndRecordMutation(ArgumentsActionImpl.java:294)
	at org.jenkinsci.plugins.workflow.cps.actions.ArgumentsActionImpl.sanitizeMapAndRecordMutation(ArgumentsActionImpl.java:386)
	at org.jenkinsci.plugins.workflow.cps.actions.ArgumentsActionImpl.<init>(ArgumentsActionImpl.java:74)
	at org.jenkinsci.plugins.workflow.cps.DSL.invokeStep(DSL.java:245)
	at org.jenkinsci.plugins.workflow.cps.DSL.invokeMethod(DSL.java:178)
	at org.jenkinsci.plugins.workflow.cps.CpsScript.invokeMethod(CpsScript.java:122)
	at org.codehaus.groovy.runtime.callsite.PogoMetaClassSite.call(PogoMetaClassSite.java:48)
	at org.codehaus.groovy.runtime.callsite.CallSiteArray.defaultCall(CallSiteArray.java:48)
	at org.codehaus.groovy.runtime.callsite.AbstractCallSite.call(AbstractCallSite.java:113)
	at com.cloudbees.groovy.cps.sandbox.DefaultInvoker.methodCall(DefaultInvoker.java:20)
	at com.cloudbees.groovy.cps.impl.ContinuationGroup.methodCall(ContinuationGroup.java:57)
	at com.cloudbees.groovy.cps.impl.FunctionCallBlock$ContinuationImpl.dispatchOrArg(FunctionCallBlock.java:109)
	at com.cloudbees.groovy.cps.impl.FunctionCallBlock$ContinuationImpl.fixArg(FunctionCallBlock.java:82)
	at sun.reflect.GeneratedMethodAccessor135.invoke(Unknown Source)
	at sun.reflect.DelegatingMethodAccessorImpl.invoke(DelegatingMethodAccessorImpl.java:43)
	at java.lang.reflect.Method.invoke(Method.java:498)
	at com.cloudbees.groovy.cps.impl.ContinuationPtr$ContinuationImpl.receive(ContinuationPtr.java:72)
	at com.cloudbees.groovy.cps.impl.PropertyishBlock$ContinuationImpl.get(PropertyishBlock.java:76)
	at com.cloudbees.groovy.cps.LValueBlock$GetAdapter.receive(LValueBlock.java:30)
	at com.cloudbees.groovy.cps.impl.PropertyishBlock$ContinuationImpl.fixName(PropertyishBlock.java:66)
	at sun.reflect.GeneratedMethodAccessor140.invoke(Unknown Source)
	at sun.reflect.DelegatingMethodAccessorImpl.invoke(DelegatingMethodAccessorImpl.java:43)
	at java.lang.reflect.Method.invoke(Method.java:498)
	at com.cloudbees.groovy.cps.impl.ContinuationPtr$ContinuationImpl.receive(ContinuationPtr.java:72)
	at com.cloudbees.groovy.cps.impl.ConstantBlock.eval(ConstantBlock.java:21)
	at com.cloudbees.groovy.cps.Next.step(Next.java:83)
	at com.cloudbees.groovy.cps.Continuable$1.call(Continuable.java:174)
	at com.cloudbees.groovy.cps.Continuable$1.call(Continuable.java:163)
	at org.codehaus.groovy.runtime.GroovyCategorySupport$ThreadCategoryInfo.use(GroovyCategorySupport.java:129)
	at org.codehaus.groovy.runtime.GroovyCategorySupport.use(GroovyCategorySupport.java:268)
	at com.cloudbees.groovy.cps.Continuable.run0(Continuable.java:163)
	at org.jenkinsci.plugins.workflow.cps.SandboxContinuable.access$101(SandboxContinuable.java:34)
	at org.jenkinsci.plugins.workflow.cps.SandboxContinuable.lambda$run0$0(SandboxContinuable.java:59)
	at org.jenkinsci.plugins.scriptsecurity.sandbox.groovy.GroovySandbox.runInSandbox(GroovySandbox.java:108)
	at org.jenkinsci.plugins.workflow.cps.SandboxContinuable.run0(SandboxContinuable.java:58)
	at org.jenkinsci.plugins.workflow.cps.CpsThread.runNextChunk(CpsThread.java:182)
	at org.jenkinsci.plugins.workflow.cps.CpsThreadGroup.run(CpsThreadGroup.java:332)
	at org.jenkinsci.plugins.workflow.cps.CpsThreadGroup.access$200(CpsThreadGroup.java:83)
	at org.jenkinsci.plugins.workflow.cps.CpsThreadGroup$2.call(CpsThreadGroup.java:244)
	at org.jenkinsci.plugins.workflow.cps.CpsThreadGroup$2.call(CpsThreadGroup.java:232)
	at org.jenkinsci.plugins.workflow.cps.CpsVmExecutorService$2.call(CpsVmExecutorService.java:64)
	at java.util.concurrent.FutureTask.run(FutureTask.java:266)
	at hudson.remoting.SingleLaneExecutorService$1.run(SingleLaneExecutorService.java:131)
	at jenkins.util.ContextResettingExecutorService$1.run(ContextResettingExecutorService.java:28)
	at jenkins.security.ImpersonatingExecutorService$1.run(ImpersonatingExecutorService.java:59)
	at java.util.concurrent.Executors$RunnableAdapter.call(Executors.java:511)
	at java.util.concurrent.FutureTask.run(FutureTask.java:266)
	at java.util.concurrent.ThreadPoolExecutor.runWorker(ThreadPoolExecutor.java:1149)
	at java.util.concurrent.ThreadPoolExecutor$Worker.run(ThreadPoolExecutor.java:624)
	at java.lang.Thread.run(Thread.java:748)
Running on Jenkins in /tmp/jenkinsTests.tmp/jenkins1289901432370390195test/workspace/job
[Pipeline] {
[Pipeline] stage
[Pipeline] { (Declarative: Checkout SCM)
[Pipeline] checkout
[Pipeline] }
[Pipeline] // stage
[Pipeline] withCredentials
[Pipeline] {
[Pipeline] withEnv
[Pipeline] {
[Pipeline] stage
[Pipeline] { (CI Build and push snapshot)
Stage "CI Build and push snapshot" skipped due to when conditional
[Pipeline] }
[Pipeline] // stage
[Pipeline] stage
[Pipeline] { (Build Release)
[Pipeline] dir
Running in /home/jenkins/go/src/github.com/carlossg/croc-hunter-jenkinsx-serverless
[Pipeline] {
[Pipeline] git
Cloning the remote Git repository
Cloning repository https://github.com/carlossg/croc-hunter-jenkinsx-serverless.git
 > git init /home/jenkins/go/src/github.com/carlossg/croc-hunter-jenkinsx-serverless # timeout=10
Fetching upstream changes from https://github.com/carlossg/croc-hunter-jenkinsx-serverless.git
 > git --version # timeout=10
 > git fetch --tags --progress https://github.com/carlossg/croc-hunter-jenkinsx-serverless.git +refs/heads/*:refs/remotes/origin/*
 > git config remote.origin.url https://github.com/carlossg/croc-hunter-jenkinsx-serverless.git # timeout=10
 > git config --add remote.origin.fetch +refs/heads/*:refs/remotes/origin/* # timeout=10
 > git config remote.origin.url https://github.com/carlossg/croc-hunter-jenkinsx-serverless.git # timeout=10
Fetching upstream changes from https://github.com/carlossg/croc-hunter-jenkinsx-serverless.git
 > git fetch --tags --progress https://github.com/carlossg/croc-hunter-jenkinsx-serverless.git +refs/heads/*:refs/remotes/origin/*
 > git rev-parse refs/remotes/origin/master^{commit} # timeout=10
 > git rev-parse refs/remotes/origin/origin/master^{commit} # timeout=10
Checking out Revision c259c2acc136d2f47d88df94783ae3d13b47251d (refs/remotes/origin/master)
 > git config core.sparsecheckout # timeout=10
 > git checkout -f c259c2acc136d2f47d88df94783ae3d13b47251d
 > git branch -a -v --no-abbrev # timeout=10
 > git checkout -b master c259c2acc136d2f47d88df94783ae3d13b47251d
Commit message: "Merge pull request #37 from carlossg/skaffold"
First time build. Skipping changelog.
[Pipeline] }
[Pipeline] // dir
[Pipeline] dir
Running in /home/jenkins/go/src/github.com/carlossg/croc-hunter-jenkinsx-serverless/charts/croc-hunter-jenkinsx
[Pipeline] {
[Pipeline] sh
+ git config --global credential.helper store
[Pipeline] sh
+ jx step validate --min-jx-version 1.1.73
[Pipeline] sh
+ jx step git credentials
Generated Git credentials file /home/jenkins/git/credentials
[Pipeline] }
[Pipeline] // dir
[Pipeline] dir
Running in /home/jenkins/go/src/github.com/carlossg/croc-hunter-jenkinsx-serverless
[Pipeline] {
[Pipeline] sh
+ jx-release-version
+ echo 0.0.108
[Pipeline] }
[Pipeline] // dir
[Pipeline] dir
Running in /home/jenkins/go/src/github.com/carlossg/croc-hunter-jenkinsx-serverless/charts/croc-hunter-jenkinsx
[Pipeline] {
[Pipeline] sh
+ make tag
sed -i -e "s/version:.*/version: 0.0.108/" Chart.yaml
sed -i -e "s|repository: .*|repository: 10.63.246.66:5000\/carlossg\/croc-hunter-jenkinsx|" values.yaml
sed -i -e "s/tag: .*/tag: 0.0.108/" values.yaml
git add --all
git commit -m "release 0.0.108" --allow-empty # if first release then no verion update is performed
[master 5735366] release 0.0.108
 6 files changed, 11 insertions(+), 3 deletions(-)
 create mode 100644 VERSION
 create mode 100644 charts/croc-hunter-jenkinsx@tmp/durable-96c1f5cf/jenkins-log.txt
 create mode 100644 charts/croc-hunter-jenkinsx@tmp/durable-96c1f5cf/last-location.txt
 create mode 100644 charts/croc-hunter-jenkinsx@tmp/durable-96c1f5cf/script.sh
git tag -fa v0.0.108 -m "Release version 0.0.108"
git push origin v0.0.108
To https://github.com/carlossg/croc-hunter-jenkinsx-serverless.git
 * [new tag]         v0.0.108 -> v0.0.108
[Pipeline] }
[Pipeline] // dir
[Pipeline] dir
Running in /home/jenkins/go/src/github.com/carlossg/croc-hunter-jenkinsx-serverless
[Pipeline] {
[Pipeline] sh
+ cat VERSION
+ make VERSION=0.0.108 GIT_COMMIT=c259c2acc136d2f47d88df94783ae3d13b47251d build
cp skaffold.yaml skaffold.yaml.new
sed -i -e "s/{{.VERSION}}/0.0.108/" skaffold.yaml.new
sed -i -e "s/{{.GIT_COMMIT}}/c259c2acc136d2f47d88df94783ae3d13b47251d/" skaffold.yaml.new
CGO_ENABLED=0 GO15VENDOREXPERIMENT=1 go build -ldflags '' -o bin/croc-hunter-jenkinsx croc-hunter.go
[Pipeline] sh
+ cat VERSION
+ export VERSION=0.0.108
+ skaffold build -f skaffold.yaml.new
Starting build...
Building [changeme]...
Sending build context to Docker daemon  525.8kBSending build context to Docker daemon   6.99MB
Step 1/10 : FROM scratch
 ---> 
Step 2/10 : ARG GIT_SHA
 ---> Using cache
 ---> 9bcf9c0f4d06
Step 3/10 : ARG WORKFLOW_RELEASE
 ---> Using cache
 ---> 0863329c9222
Step 4/10 : ENV GIT_SHA $GIT_SHA
 ---> Running in 85700f73a884
 ---> 4f5dd97bc13f
Step 5/10 : ENV WORKFLOW_RELEASE $WORKFLOW_RELEASE
 ---> Running in cf0bd7ecd677
 ---> da43d14d84b8
Step 6/10 : ENV POWERED_BY Jenkins-X
 ---> Running in 4a53f4c785f7
 ---> 3ac35a54d18e
Step 7/10 : EXPOSE 8080
 ---> Running in 904b4957f801
 ---> 451bafcd2330
Step 8/10 : ENTRYPOINT /croc-hunter-jenkinsx
 ---> Running in 8187ce9693be
 ---> fc9254ff92bd
Step 9/10 : COPY ./bin/ /
 ---> 3ff91269fa4b
Step 10/10 : COPY static/ static/
 ---> cfc248c21b37
Successfully built cfc248c21b37
The push refers to a repository [10.63.246.66:5000/carlossg/croc-hunter-jenkinsx]
41bc7f16d8df: Preparing
143b90bb79c6: Preparing
41bc7f16d8df: Pushed
143b90bb79c6: Pushed
0.0.108: digest: sha256:1a782773e5af55ec665937c3a36e6c6c5c3a41f3a3679bb2f9c900e8d4efb0ae size: 738
Build complete in 2.777431236s
Starting test...
Test complete in 4.84µs
changeme -> 10.63.246.66:5000/carlossg/croc-hunter-jenkinsx:0.0.108
[Pipeline] sh
+ jx step validate --min-jx-version 1.2.36
[Pipeline] sh
+ cat VERSION
+ jx step post build --image 10.63.246.66:5000/carlossg/croc-hunter-jenkinsx:0.0.108
[Pipeline] }
[Pipeline] // dir
[Pipeline] }
[Pipeline] // stage
[Pipeline] stage
[Pipeline] { (Promote to Environments)
[Pipeline] dir
Running in /home/jenkins/go/src/github.com/carlossg/croc-hunter-jenkinsx-serverless/charts/croc-hunter-jenkinsx
[Pipeline] {
[Pipeline] sh
+ cat ../../VERSION
+ jx step changelog --version v0.0.108 --generate-yaml=false
Using batch mode as inside a pipeline
Generating change log from git ref c259c2acc136d2f47d88df94783ae3d13b47251d => 5735366adc97b2595f58089932630c1d67bfddcd
Unable to find user: jenkins-x.googlegroups.com -- users.jenkins.io "jenkins-x.googlegroups.com" not found
Unable to find user: jenkins-x.googlegroups.com -- users.jenkins.io "jenkins-x.googlegroups.com" not found
Finding issues in commit messages using git format
No release found for carlossg/croc-hunter-jenkinsx-serverless and tag v0.0.108 so creating a new release
Updated the release information at https://github.com/carlossg/croc-hunter-jenkinsx-serverless/releases/tag/v0.0.108
Created Release croc-hunter-jenkinsx-serverless-0-0-108 resource in namespace jx
Updating PipelineActivity carlossg-croc-hunter-jenkinsx-serverless-master-30 with version 0.0.108
Updated PipelineActivities carlossg-croc-hunter-jenkinsx-serverless-master-30 with release notes URL: https://github.com/carlossg/croc-hunter-jenkinsx-serverless/releases/tag/v0.0.108
[Pipeline] sh
+ make release
rm -rf charts
rm -rf croc-hunter-jenkinsx*.tgz
helm dependency build
No requirements found in ./charts.
helm lint
==> Linting .
Lint OK

1 chart(s) linted, no failures
helm init --client-only
Creating /builder/home/.helm 
Creating /builder/home/.helm/repository 
Creating /builder/home/.helm/repository/cache 
Creating /builder/home/.helm/repository/local 
Creating /builder/home/.helm/plugins 
Creating /builder/home/.helm/starters 
Creating /builder/home/.helm/cache/archive 
Creating /builder/home/.helm/repository/repositories.yaml 
Adding stable repo with URL: https://kubernetes-charts.storage.googleapis.com 
Adding local repo with URL: http://127.0.0.1:8879/charts 
$HELM_HOME has been configured at /builder/home/.helm.
Not installing Tiller due to 'client-only' flag having been set
Happy Helming!
helm package .
Successfully packaged chart and saved it to: /home/jenkins/go/src/github.com/carlossg/croc-hunter-jenkinsx-serverless/charts/croc-hunter-jenkinsx/croc-hunter-jenkinsx-0.0.108.tgz
curl --fail -u **** --data-binary "@croc-hunter-jenkinsx-0.0.108.tgz" http://jenkins-x-chartmuseum:8080/api/charts
  % Total    % Received % Xferd  Average Speed   Time    Time     Time  Current
                                 Dload  Upload   Total   Spent    Left  Speed
  0     0    0     0    0     0      0      0 --:--:-- --:--:-- --:--:--     0100  2544  100    14  100  2530    391  70692 --:--:-- --:--:-- --:--:-- 72285
{"saved":true}rm -rf croc-hunter-jenkinsx*.tgz%
[Pipeline] sh
+ cat ../../VERSION
+ jx promote -b --all-auto --timeout 1h --version 0.0.108 --no-wait
prow based install so skip waiting for the merge of Pull Requests to go green as currently there is an issue with gettingstatuses from the PR, see https://github.com/jenkins-x/jx/issues/2410
Promoting app croc-hunter-jenkinsx version 0.0.108 to namespace jx-staging
Could not find Jenkins URL services "jenkins" not found in namespace jx
Created Pull Request: https://github.com/carlossg-org/environment-fishercyan-staging/pull/30

Could not find Jenkins URL services "jenkins" not found in namespace jx
Pull Request https://github.com/carlossg-org/environment-fishercyan-staging/pull/30 is merged at sha b4a501b1f1f1e23a2da4b42ecaa9b398f647729e
[Pipeline] }
[Pipeline] // dir
[Pipeline] }
[Pipeline] // stage
[Pipeline] }
[Pipeline] // withEnv
[Pipeline] }
[Pipeline] // withCredentials
[Pipeline] }
[Pipeline] // node
[Pipeline] End of Pipeline
