Step: build-step-credential-initializer:

{"level":"warn","ts":1549025467.6797159,"logger":"fallback-logger","caller":"logging/config.go:65","msg":"Fetch GitHub commit ID from kodata failed: \"ref: refs/heads/test\" is not a valid GitHub commit ID"}
{"level":"info","ts":1549025467.6807668,"logger":"fallback-logger","caller":"creds-init/main.go:40","msg":"Credentials initialized."}
Step: build-step-git-source-0:

{"level":"warn","ts":1549025468.318526,"logger":"fallback-logger","caller":"logging/config.go:65","msg":"Fetch GitHub commit ID from kodata failed: \"ref: refs/heads/test\" is not a valid GitHub commit ID"}
{"level":"info","ts":1549025468.8011343,"logger":"fallback-logger","caller":"git-init/main.go:92","msg":"Successfully cloned \"https://github.com/carlossg/croc-hunter-jenkinsx-serverless.git\" @ \"1bf1cd2f56299ed6feae4d98be4a6951c4b3a3d5\" in path \"/workspace\""}
Step: build-step-jenkins:

Picked up _JAVA_OPTIONS: -Xmx400m
Started
Running in Durability level: PERFORMANCE_OPTIMIZED
  16.103 [id=29]	WARNING	i.f.k.c.i.VersionUsageUtils#alert: The client is using resource type 'customresourcedefinitions' with unstable version 'v1beta1'
[Pipeline] node
Running on Jenkins in /tmp/jenkinsTests.tmp/jenkins314700787805659239test/workspace/job
[Pipeline] {
[Pipeline] stage
[Pipeline] { (Declarative: Checkout SCM)
[Pipeline] checkout
[Pipeline] }
[Pipeline] // stage
[Pipeline] withCredentials
[Pipeline] {
[Pipeline] withEnv
[Pipeline] {
[Pipeline] stage
[Pipeline] { (CI Build and push snapshot)
Stage "CI Build and push snapshot" skipped due to when conditional
[Pipeline] }
[Pipeline] // stage
[Pipeline] stage
[Pipeline] { (Build Release)
[Pipeline] dir
Running in /home/jenkins/go/src/github.com/carlossg/croc-hunter-jenkinsx-serverless
[Pipeline] {
[Pipeline] git
Cloning the remote Git repository
Cloning repository https://github.com/carlossg/croc-hunter-jenkinsx-serverless.git
 > git init /home/jenkins/go/src/github.com/carlossg/croc-hunter-jenkinsx-serverless # timeout=10
Fetching upstream changes from https://github.com/carlossg/croc-hunter-jenkinsx-serverless.git
 > git --version # timeout=10
 > git fetch --tags --progress https://github.com/carlossg/croc-hunter-jenkinsx-serverless.git +refs/heads/*:refs/remotes/origin/*
 > git config remote.origin.url https://github.com/carlossg/croc-hunter-jenkinsx-serverless.git # timeout=10
 > git config --add remote.origin.fetch +refs/heads/*:refs/remotes/origin/* # timeout=10
 > git config remote.origin.url https://github.com/carlossg/croc-hunter-jenkinsx-serverless.git # timeout=10
Fetching upstream changes from https://github.com/carlossg/croc-hunter-jenkinsx-serverless.git
 > git fetch --tags --progress https://github.com/carlossg/croc-hunter-jenkinsx-serverless.git +refs/heads/*:refs/remotes/origin/*
 > git rev-parse refs/remotes/origin/master^{commit} # timeout=10
 > git rev-parse refs/remotes/origin/origin/master^{commit} # timeout=10
Checking out Revision 1bf1cd2f56299ed6feae4d98be4a6951c4b3a3d5 (refs/remotes/origin/master)
 > git config core.sparsecheckout # timeout=10
 > git checkout -f 1bf1cd2f56299ed6feae4d98be4a6951c4b3a3d5
 > git branch -a -v --no-abbrev # timeout=10
 > git checkout -b master 1bf1cd2f56299ed6feae4d98be4a6951c4b3a3d5
Commit message: "Merge pull request #38 from carlossg/flagger"
First time build. Skipping changelog.
[Pipeline] }
[Pipeline] // dir
[Pipeline] dir
Running in /home/jenkins/go/src/github.com/carlossg/croc-hunter-jenkinsx-serverless/charts/croc-hunter-jenkinsx
[Pipeline] {
[Pipeline] sh
+ git config --global credential.helper store
[Pipeline] sh
+ jx step validate --min-jx-version 1.1.73
[Pipeline] sh
+ jx step git credentials
Generated Git credentials file /home/jenkins/git/credentials
[Pipeline] }
[Pipeline] // dir
[Pipeline] dir
Running in /home/jenkins/go/src/github.com/carlossg/croc-hunter-jenkinsx-serverless
[Pipeline] {
[Pipeline] sh
+ jx-release-version
+ echo 0.0.112
[Pipeline] }
[Pipeline] // dir
[Pipeline] dir
Running in /home/jenkins/go/src/github.com/carlossg/croc-hunter-jenkinsx-serverless/charts/croc-hunter-jenkinsx
[Pipeline] {
[Pipeline] sh
+ make tag
sed -i -e "s/version:.*/version: 0.0.112/" Chart.yaml
sed -i -e "s|repository: .*|repository: 10.63.246.66:5000\/carlossg\/croc-hunter-jenkinsx|" values.yaml
sed -i -e "s/tag: .*/tag: 0.0.112/" values.yaml
git add --all
git commit -m "release 0.0.112" --allow-empty # if first release then no verion update is performed
[master 933b28d] release 0.0.112
 5 files changed, 10 insertions(+), 3 deletions(-)
 create mode 100644 VERSION
 create mode 100644 charts/croc-hunter-jenkinsx@tmp/durable-1f823556/jenkins-log.txt
 create mode 100644 charts/croc-hunter-jenkinsx@tmp/durable-1f823556/script.sh
git tag -fa v0.0.112 -m "Release version 0.0.112"
git push origin v0.0.112
To https://github.com/carlossg/croc-hunter-jenkinsx-serverless.git
 * [new tag]         v0.0.112 -> v0.0.112
[Pipeline] }
[Pipeline] // dir
[Pipeline] dir
Running in /home/jenkins/go/src/github.com/carlossg/croc-hunter-jenkinsx-serverless
[Pipeline] {
[Pipeline] sh
+ cat VERSION
+ make VERSION=0.0.112 GIT_COMMIT=1bf1cd2f56299ed6feae4d98be4a6951c4b3a3d5 build
cp skaffold.yaml skaffold.yaml.new
sed -i -e "s/{{.VERSION}}/0.0.112/" skaffold.yaml.new
sed -i -e "s/{{.GIT_COMMIT}}/1bf1cd2f56299ed6feae4d98be4a6951c4b3a3d5/" skaffold.yaml.new
CGO_ENABLED=0 GO15VENDOREXPERIMENT=1 go build -ldflags '' -o bin/croc-hunter-jenkinsx croc-hunter.go
[Pipeline] sh
+ cat VERSION
+ export VERSION=0.0.112
+ skaffold build -f skaffold.yaml.new
time="2019-02-01T12:51:51Z" level=warning msg="config version (skaffold/v1beta1) out of date: upgrading to latest (skaffold/v1beta3)"
Starting build...
Building [changeme]...
Sending build context to Docker daemon  525.8kBSending build context to Docker daemon   6.99MB
Step 1/10 : FROM scratch
 ---> 
Step 2/10 : ARG GIT_SHA
 ---> Using cache
 ---> 9bcf9c0f4d06
Step 3/10 : ARG WORKFLOW_RELEASE
 ---> Using cache
 ---> 0863329c9222
Step 4/10 : ENV GIT_SHA $GIT_SHA
 ---> Running in e95d55d9ca8f
 ---> 3356372f9a7d
Step 5/10 : ENV WORKFLOW_RELEASE $WORKFLOW_RELEASE
 ---> Running in 0cf82438aad1
 ---> 1e136bc38704
Step 6/10 : ENV POWERED_BY Jenkins-X
 ---> Running in f3c39ad270c8
 ---> 101b4a68c9d0
Step 7/10 : EXPOSE 8080
 ---> Running in 0c47bf465da7
 ---> ea8ef0bac8f8
Step 8/10 : ENTRYPOINT /croc-hunter-jenkinsx
 ---> Running in bf9d26ceac79
 ---> f85ce9b7fa4b
Step 9/10 : COPY ./bin/ /
 ---> df5adec6d7ec
Step 10/10 : COPY static/ static/
 ---> 1afafb922b08
Successfully built 1afafb922b08
The push refers to a repository [10.63.246.66:5000/carlossg/croc-hunter-jenkinsx]
aa300ac1cf42: Preparing
9fd3daa466db: Preparing
aa300ac1cf42: Pushed
9fd3daa466db: Pushed
0.0.112: digest: sha256:c106c0eb05174b1c2dc2df74fbc53513e898ba2192f659766690ffde76da6729 size: 738
Build complete in 2.644819727s
Starting test...
Test complete in 39.967µs
changeme -> 10.63.246.66:5000/carlossg/croc-hunter-jenkinsx:0.0.112
[Pipeline] sh
+ jx step validate --min-jx-version 1.2.36
[Pipeline] sh
+ cat VERSION
+ jx step post build --image 10.63.246.66:5000/carlossg/croc-hunter-jenkinsx:0.0.112
[Pipeline] }
[Pipeline] // dir
[Pipeline] }
[Pipeline] // stage
[Pipeline] stage
[Pipeline] { (Promote to Environments)
[Pipeline] dir
Running in /home/jenkins/go/src/github.com/carlossg/croc-hunter-jenkinsx-serverless/charts/croc-hunter-jenkinsx
[Pipeline] {
[Pipeline] sh
+ cat ../../VERSION
+ jx step changelog --version v0.0.112 --generate-yaml=false
Using batch mode as inside a pipeline
Generating change log from git ref 1bf1cd2f56299ed6feae4d98be4a6951c4b3a3d5 => 933b28d8b6f2c15b9e1694a50c27521c2d8bfecc
Failed to enrich commits with issues: User.jenkins.io "" is invalid: metadata.name: Required value: name or generateName is required
Failed to enrich commits with issues: User.jenkins.io "" is invalid: metadata.name: Required value: name or generateName is required
Finding issues in commit messages using git format
No release found for carlossg/croc-hunter-jenkinsx-serverless and tag v0.0.112 so creating a new release
Updated the release information at https://github.com/carlossg/croc-hunter-jenkinsx-serverless/releases/tag/v0.0.112
Created Release croc-hunter-jenkinsx-serverless-0-0-112 resource in namespace jx
Updating PipelineActivity carlossg-croc-hunter-jenkinsx-serverless-master-34 with version 0.0.112
Updated PipelineActivities carlossg-croc-hunter-jenkinsx-serverless-master-34 with release notes URL: https://github.com/carlossg/croc-hunter-jenkinsx-serverless/releases/tag/v0.0.112
[Pipeline] sh
+ make release
rm -rf charts
rm -rf croc-hunter-jenkinsx*.tgz
helm dependency build
No requirements found in ./charts.
helm lint
==> Linting .
Lint OK

1 chart(s) linted, no failures
helm init --client-only
Creating /builder/home/.helm 
Creating /builder/home/.helm/repository 
Creating /builder/home/.helm/repository/cache 
Creating /builder/home/.helm/repository/local 
Creating /builder/home/.helm/plugins 
Creating /builder/home/.helm/starters 
Creating /builder/home/.helm/cache/archive 
Creating /builder/home/.helm/repository/repositories.yaml 
Adding stable repo with URL: https://kubernetes-charts.storage.googleapis.com 
Adding local repo with URL: http://127.0.0.1:8879/charts 
$HELM_HOME has been configured at /builder/home/.helm.
Not installing Tiller due to 'client-only' flag having been set
Happy Helming!
helm package .
Successfully packaged chart and saved it to: /home/jenkins/go/src/github.com/carlossg/croc-hunter-jenkinsx-serverless/charts/croc-hunter-jenkinsx/croc-hunter-jenkinsx-0.0.112.tgz
curl --fail -u **** --data-binary "@croc-hunter-jenkinsx-0.0.112.tgz" http://jenkins-x-chartmuseum:8080/api/charts
  % Total    % Received % Xferd  Average Speed   Time    Time     Time  Current
                                 Dload  Upload   Total   Spent    Left  Speed
  0     0    0     0    0     0      0      0 --:--:-- --:--:-- --:--:--     0100  3146  100    14  100  3132    166  37179 --:--:-- --:--:-- --:--:-- 37285
{"saved":true}rm -rf croc-hunter-jenkinsx*.tgz%
[Pipeline] sh
+ cat ../../VERSION
+ jx promote -b --all-auto --timeout 1h --version 0.0.112 --no-wait
prow based install so skip waiting for the merge of Pull Requests to go green as currently there is an issue with gettingstatuses from the PR, see https://github.com/jenkins-x/jx/issues/2410
Promoting app croc-hunter-jenkinsx version 0.0.112 to namespace jx-staging
Created Pull Request: https://github.com/carlossg-org/environment-fishercyan-staging/pull/33

Pull Request https://github.com/carlossg-org/environment-fishercyan-staging/pull/33 is merged at sha da8452a0b59abf1c3d0d7b8ce99b84af836896b5
[Pipeline] }
[Pipeline] // dir
[Pipeline] }
[Pipeline] // stage
[Pipeline] }
[Pipeline] // withEnv
[Pipeline] }
[Pipeline] // withCredentials
[Pipeline] }
[Pipeline] // node
[Pipeline] End of Pipeline
Finished: SUCCESS
