Step: build-step-credential-initializer:

{"level":"warn","ts":1549035977.508294,"logger":"fallback-logger","caller":"logging/config.go:65","msg":"Fetch GitHub commit ID from kodata failed: \"ref: refs/heads/test\" is not a valid GitHub commit ID"}
{"level":"info","ts":1549035977.5097098,"logger":"fallback-logger","caller":"creds-init/main.go:40","msg":"Credentials initialized."}
Step: build-step-git-source-0:

{"level":"warn","ts":1549035978.95753,"logger":"fallback-logger","caller":"logging/config.go:65","msg":"Fetch GitHub commit ID from kodata failed: \"ref: refs/heads/test\" is not a valid GitHub commit ID"}
{"level":"info","ts":1549035980.5757442,"logger":"fallback-logger","caller":"git-init/main.go:92","msg":"Successfully cloned \"https://github.com/carlossg/croc-hunter-jenkinsx-serverless.git\" @ \"56a674b832d92046454b112f81f3e80c078f88c5\" in path \"/workspace\""}
Step: build-step-jenkins:

Picked up _JAVA_OPTIONS: -Xmx400m
Started
Running in Durability level: PERFORMANCE_OPTIMIZED
  16.333 [id=31]	WARNING	i.f.k.c.i.VersionUsageUtils#alert: The client is using resource type 'customresourcedefinitions' with unstable version 'v1beta1'
[Pipeline] node
Running on Jenkins in /tmp/jenkinsTests.tmp/jenkins5213044040514460009test/workspace/job
[Pipeline] {
[Pipeline] stage
[Pipeline] { (Declarative: Checkout SCM)
[Pipeline] checkout
[Pipeline] }
[Pipeline] // stage
[Pipeline] withCredentials
[Pipeline] {
[Pipeline] withEnv
[Pipeline] {
[Pipeline] stage
[Pipeline] { (CI Build and push snapshot)
Stage "CI Build and push snapshot" skipped due to when conditional
[Pipeline] }
[Pipeline] // stage
[Pipeline] stage
[Pipeline] { (Build Release)
[Pipeline] dir
Running in /home/jenkins/go/src/github.com/carlossg/croc-hunter-jenkinsx-serverless
[Pipeline] {
[Pipeline] checkout
[Pipeline] }
[Pipeline] // dir
[Pipeline] dir
Running in /home/jenkins/go/src/github.com/carlossg/croc-hunter-jenkinsx-serverless/charts/croc-hunter-jenkinsx
[Pipeline] {
[Pipeline] sh
+ git config --global credential.helper store
[Pipeline] sh
+ jx step validate --min-jx-version 1.1.73
[Pipeline] sh
+ jx step git credentials
Generated Git credentials file /home/jenkins/git/credentials
[Pipeline] }
[Pipeline] // dir
[Pipeline] dir
Running in /home/jenkins/go/src/github.com/carlossg/croc-hunter-jenkinsx-serverless
[Pipeline] {
[Pipeline] sh
+ jx-release-version
+ echo 0.0.118
[Pipeline] }
[Pipeline] // dir
[Pipeline] dir
Running in /home/jenkins/go/src/github.com/carlossg/croc-hunter-jenkinsx-serverless/charts/croc-hunter-jenkinsx
[Pipeline] {
[Pipeline] sh
+ make tag
sed -i -e "s/version:.*/version: 0.0.118/" Chart.yaml
sed -i -e "s|repository: .*|repository: 10.63.246.66:5000\/carlossg\/croc-hunter-jenkinsx|" values.yaml
sed -i -e "s/tag: .*/tag: 0.0.118/" values.yaml
git add --all
git commit -m "release 0.0.118" --allow-empty # if first release then no verion update is performed
[master 8fa3f90] release 0.0.118
 5 files changed, 10 insertions(+), 3 deletions(-)
 create mode 100644 VERSION
 create mode 100644 charts/croc-hunter-jenkinsx@tmp/durable-c5039885/jenkins-log.txt
 create mode 100644 charts/croc-hunter-jenkinsx@tmp/durable-c5039885/script.sh
git tag -fa v0.0.118 -m "Release version 0.0.118"
git push origin v0.0.118
To https://github.com/carlossg/croc-hunter-jenkinsx-serverless.git
 * [new tag]         v0.0.118 -> v0.0.118
[Pipeline] }
[Pipeline] // dir
[Pipeline] dir
Running in /home/jenkins/go/src/github.com/carlossg/croc-hunter-jenkinsx-serverless
[Pipeline] {
[Pipeline] sh
+ cat VERSION
+ make VERSION=0.0.118 GIT_COMMIT=56a674b832d92046454b112f81f3e80c078f88c5 build
cp skaffold.yaml skaffold.yaml.new
sed -i -e "s/{{.VERSION}}/0.0.118/" skaffold.yaml.new
sed -i -e "s/{{.GIT_COMMIT}}/56a674b832d92046454b112f81f3e80c078f88c5/" skaffold.yaml.new
CGO_ENABLED=0 GO15VENDOREXPERIMENT=1 go build -ldflags '' -o bin/croc-hunter-jenkinsx croc-hunter.go
[Pipeline] sh
+ cat VERSION
+ export VERSION=0.0.118
+ skaffold build -f skaffold.yaml.new
time="2019-02-01T15:47:00Z" level=warning msg="config version (skaffold/v1beta1) out of date: upgrading to latest (skaffold/v1beta3)"
Starting build...
Building [changeme]...
Sending build context to Docker daemon  525.8kBSending build context to Docker daemon   6.99MB
Step 1/10 : FROM scratch
 ---> 
Step 2/10 : ARG GIT_SHA
 ---> Using cache
 ---> 6ee09bc4a304
Step 3/10 : ARG WORKFLOW_RELEASE
 ---> Using cache
 ---> 6902a8abb233
Step 4/10 : ENV GIT_SHA $GIT_SHA
 ---> Running in a46d5a50aba4
 ---> 3f6f02c5a6c6
Step 5/10 : ENV WORKFLOW_RELEASE $WORKFLOW_RELEASE
 ---> Running in 5c5b32a709f7
 ---> 403ec0c0b3ac
Step 6/10 : ENV POWERED_BY Jenkins-X
 ---> Running in 378193a8922e
 ---> 42c406ef1213
Step 7/10 : EXPOSE 8080
 ---> Running in 3d12612ee473
 ---> 347b43fe0602
Step 8/10 : ENTRYPOINT /croc-hunter-jenkinsx
 ---> Running in aaf95d215d07
 ---> 99689589bfc2
Step 9/10 : COPY ./bin/ /
 ---> cf0962426fde
Step 10/10 : COPY static/ static/
 ---> 6ead881899c2
Successfully built 6ead881899c2
The push refers to a repository [10.63.246.66:5000/carlossg/croc-hunter-jenkinsx]
cb7030df3e24: Preparing
6f736d940353: Preparing
cb7030df3e24: Pushed
6f736d940353: Pushed
0.0.118: digest: sha256:abcb386c5bda67267b8909b66c9de2b319bbc67af94bf4b90e02738c007c96b7 size: 738
Build complete in 2.72588092s
Starting test...
Test complete in 13.74µs
changeme -> 10.63.246.66:5000/carlossg/croc-hunter-jenkinsx:0.0.118
[Pipeline] sh
+ jx step validate --min-jx-version 1.2.36
[Pipeline] sh
+ cat VERSION
+ jx step post build --image 10.63.246.66:5000/carlossg/croc-hunter-jenkinsx:0.0.118
[Pipeline] }
[Pipeline] // dir
[Pipeline] }
[Pipeline] // stage
[Pipeline] stage
[Pipeline] { (Promote to Environments)
[Pipeline] dir
Running in /home/jenkins/go/src/github.com/carlossg/croc-hunter-jenkinsx-serverless/charts/croc-hunter-jenkinsx
[Pipeline] {
[Pipeline] sh
+ cat ../../VERSION
+ jx step changelog --version v0.0.118 --generate-yaml=false
Using batch mode as inside a pipeline
Converted /home/jenkins/go/src/github.com/carlossg/croc-hunter-jenkinsx-serverless/charts/croc-hunter-jenkinsx to an unshallow repository
Generating change log from git ref 56a674b832d92046454b112f81f3e80c078f88c5 => 8fa3f906c1bd4ad8d019d2ccd3f0d0d28c2881f9
Failed to enrich commits with issues: User.jenkins.io "" is invalid: metadata.name: Required value: name or generateName is required
Failed to enrich commits with issues: User.jenkins.io "" is invalid: metadata.name: Required value: name or generateName is required
Finding issues in commit messages using git format
No release found for carlossg/croc-hunter-jenkinsx-serverless and tag v0.0.118 so creating a new release
Updated the release information at https://github.com/carlossg/croc-hunter-jenkinsx-serverless/releases/tag/v0.0.118
Created Release croc-hunter-jenkinsx-serverless-0-0-118 resource in namespace jx
Updating PipelineActivity carlossg-croc-hunter-jenkinsx-serverless-master-35 with version 0.0.118
Updated PipelineActivities carlossg-croc-hunter-jenkinsx-serverless-master-35 with release notes URL: https://github.com/carlossg/croc-hunter-jenkinsx-serverless/releases/tag/v0.0.118
[Pipeline] sh
+ make release
rm -rf charts
rm -rf croc-hunter-jenkinsx*.tgz
helm dependency build
No requirements found in ./charts.
helm lint
==> Linting .
Lint OK

1 chart(s) linted, no failures
helm init --client-only
Creating /builder/home/.helm 
Creating /builder/home/.helm/repository 
Creating /builder/home/.helm/repository/cache 
Creating /builder/home/.helm/repository/local 
Creating /builder/home/.helm/plugins 
Creating /builder/home/.helm/starters 
Creating /builder/home/.helm/cache/archive 
Creating /builder/home/.helm/repository/repositories.yaml 
Adding stable repo with URL: https://kubernetes-charts.storage.googleapis.com 
Adding local repo with URL: http://127.0.0.1:8879/charts 
$HELM_HOME has been configured at /builder/home/.helm.
Not installing Tiller due to 'client-only' flag having been set
Happy Helming!
helm package .
Successfully packaged chart and saved it to: /home/jenkins/go/src/github.com/carlossg/croc-hunter-jenkinsx-serverless/charts/croc-hunter-jenkinsx/croc-hunter-jenkinsx-0.0.118.tgz
curl --fail -u **** --data-binary "@croc-hunter-jenkinsx-0.0.118.tgz" http://jenkins-x-chartmuseum:8080/api/charts
  % Total    % Received % Xferd  Average Speed   Time    Time     Time  Current
                                 Dload  Upload   Total   Spent    Left  Speed
  0     0    0     0    0     0      0      0 --:--:-- --:--:-- --:--:--     0100  3147  100    14  100  3133   1290   281k --:--:-- --:--:-- --:--:--  305k
{"saved":true}rm -rf croc-hunter-jenkinsx*.tgz%
[Pipeline] sh
+ cat ../../VERSION
+ jx promote -b --all-auto --timeout 1h --version 0.0.118 --no-wait
prow based install so skip waiting for the merge of Pull Requests to go green as currently there is an issue with gettingstatuses from the PR, see https://github.com/jenkins-x/jx/issues/2410
Promoting app croc-hunter-jenkinsx version 0.0.118 to namespace jx-staging
Created Pull Request: https://github.com/carlossg-org/environment-fishercyan-staging/pull/35

Pull Request https://github.com/carlossg-org/environment-fishercyan-staging/pull/35 is merged at sha f0928683d9ef64742d3d688872c0f08a78d7be9e
[Pipeline] }
[Pipeline] // dir
[Pipeline] }
[Pipeline] // stage
[Pipeline] }
[Pipeline] // withEnv
[Pipeline] }
[Pipeline] // withCredentials
[Pipeline] }
[Pipeline] // node
[Pipeline] End of Pipeline
Finished: SUCCESS
